0 info it worked if it ends with ok
1 verbose cli [ 'C:\\Program Files\\nodejs\\node.exe',
1 verbose cli   'C:\\Program Files\\nodejs\\node_modules\\npm\\bin\\npm-cli.js',
1 verbose cli   'install',
1 verbose cli   'GeoJSON' ]
2 info using npm@2.15.8
3 info using node@v4.4.7
4 verbose install initial load of C:\Users\cherrieo\Documents\WorkspacePerso\Ionic2\PoPaRe\package.json
5 warn package.json popare@ No repository field.
6 warn package.json popare@ No README data
7 warn package.json popare@ No license field.
8 verbose installManyTop reading scoped package data from C:\Users\cherrieo\Documents\WorkspacePerso\Ionic2\PoPaRe\node_modules\angular2\package.json
9 verbose installManyTop reading scoped package data from C:\Users\cherrieo\Documents\WorkspacePerso\Ionic2\PoPaRe\node_modules\angular2-highcharts\package.json
10 verbose installManyTop reading scoped package data from C:\Users\cherrieo\Documents\WorkspacePerso\Ionic2\PoPaRe\node_modules\angular2-meteor\package.json
11 verbose installManyTop reading scoped package data from C:\Users\cherrieo\Documents\WorkspacePerso\Ionic2\PoPaRe\node_modules\angular2-meteor-auto-bootstrap\package.json
12 verbose installManyTop reading scoped package data from C:\Users\cherrieo\Documents\WorkspacePerso\Ionic2\PoPaRe\node_modules\angular2-meteor-polyfills\package.json
13 verbose installManyTop reading scoped package data from C:\Users\cherrieo\Documents\WorkspacePerso\Ionic2\PoPaRe\node_modules\del\package.json
14 verbose installManyTop reading scoped package data from C:\Users\cherrieo\Documents\WorkspacePerso\Ionic2\PoPaRe\node_modules\es6-promise\package.json
15 verbose installManyTop reading scoped package data from C:\Users\cherrieo\Documents\WorkspacePerso\Ionic2\PoPaRe\node_modules\es6-shim\package.json
16 verbose installManyTop reading scoped package data from C:\Users\cherrieo\Documents\WorkspacePerso\Ionic2\PoPaRe\node_modules\gulp\package.json
17 verbose installManyTop reading scoped package data from C:\Users\cherrieo\Documents\WorkspacePerso\Ionic2\PoPaRe\node_modules\gulp-watch\package.json
18 verbose installManyTop reading scoped package data from C:\Users\cherrieo\Documents\WorkspacePerso\Ionic2\PoPaRe\node_modules\highcharts\package.json
19 verbose installManyTop reading scoped package data from C:\Users\cherrieo\Documents\WorkspacePerso\Ionic2\PoPaRe\node_modules\ionic-angular\package.json
20 verbose installManyTop reading scoped package data from C:\Users\cherrieo\Documents\WorkspacePerso\Ionic2\PoPaRe\node_modules\ionic-gulp-browserify-typescript\package.json
21 verbose installManyTop reading scoped package data from C:\Users\cherrieo\Documents\WorkspacePerso\Ionic2\PoPaRe\node_modules\ionic-gulp-fonts-copy\package.json
22 verbose installManyTop reading scoped package data from C:\Users\cherrieo\Documents\WorkspacePerso\Ionic2\PoPaRe\node_modules\ionic-gulp-html-copy\package.json
23 verbose installManyTop reading scoped package data from C:\Users\cherrieo\Documents\WorkspacePerso\Ionic2\PoPaRe\node_modules\ionic-gulp-sass-build\package.json
24 verbose installManyTop reading scoped package data from C:\Users\cherrieo\Documents\WorkspacePerso\Ionic2\PoPaRe\node_modules\ionic-gulp-scripts-copy\package.json
25 verbose installManyTop reading scoped package data from C:\Users\cherrieo\Documents\WorkspacePerso\Ionic2\PoPaRe\node_modules\ionic-gulp-tslint\package.json
26 verbose installManyTop reading scoped package data from C:\Users\cherrieo\Documents\WorkspacePerso\Ionic2\PoPaRe\node_modules\ionic-native\package.json
27 verbose installManyTop reading scoped package data from C:\Users\cherrieo\Documents\WorkspacePerso\Ionic2\PoPaRe\node_modules\ionicons\package.json
28 verbose installManyTop reading scoped package data from C:\Users\cherrieo\Documents\WorkspacePerso\Ionic2\PoPaRe\node_modules\leaflet\package.json
29 verbose installManyTop reading scoped package data from C:\Users\cherrieo\Documents\WorkspacePerso\Ionic2\PoPaRe\node_modules\mapbox-gl\package.json
30 verbose installManyTop reading scoped package data from C:\Users\cherrieo\Documents\WorkspacePerso\Ionic2\PoPaRe\node_modules\meteor-node-stubs\package.json
31 verbose installManyTop reading scoped package data from C:\Users\cherrieo\Documents\WorkspacePerso\Ionic2\PoPaRe\node_modules\ng2-highcharts\package.json
32 verbose installManyTop reading scoped package data from C:\Users\cherrieo\Documents\WorkspacePerso\Ionic2\PoPaRe\node_modules\reflect-metadata\package.json
33 verbose installManyTop reading scoped package data from C:\Users\cherrieo\Documents\WorkspacePerso\Ionic2\PoPaRe\node_modules\run-sequence\package.json
34 verbose installManyTop reading scoped package data from C:\Users\cherrieo\Documents\WorkspacePerso\Ionic2\PoPaRe\node_modules\rxjs\package.json
35 verbose installManyTop reading scoped package data from C:\Users\cherrieo\Documents\WorkspacePerso\Ionic2\PoPaRe\node_modules\tslint-ionic-rules\package.json
36 verbose installManyTop reading scoped package data from C:\Users\cherrieo\Documents\WorkspacePerso\Ionic2\PoPaRe\node_modules\zone.js\package.json
37 verbose installManyTop reading scoped package data from C:\Users\cherrieo\Documents\WorkspacePerso\Ionic2\PoPaRe\node_modules\@angular\common\package.json
38 verbose installManyTop reading scoped package data from C:\Users\cherrieo\Documents\WorkspacePerso\Ionic2\PoPaRe\node_modules\@angular\compiler\package.json
39 verbose installManyTop reading scoped package data from C:\Users\cherrieo\Documents\WorkspacePerso\Ionic2\PoPaRe\node_modules\@angular\core\package.json
40 verbose installManyTop reading scoped package data from C:\Users\cherrieo\Documents\WorkspacePerso\Ionic2\PoPaRe\node_modules\@angular\forms\package.json
41 verbose installManyTop reading scoped package data from C:\Users\cherrieo\Documents\WorkspacePerso\Ionic2\PoPaRe\node_modules\@angular\http\package.json
42 verbose installManyTop reading scoped package data from C:\Users\cherrieo\Documents\WorkspacePerso\Ionic2\PoPaRe\node_modules\@angular\platform-browser\package.json
43 verbose installManyTop reading scoped package data from C:\Users\cherrieo\Documents\WorkspacePerso\Ionic2\PoPaRe\node_modules\@angular\platform-browser-dynamic\package.json
44 info package.json angular2-meteor-polyfills@0.1.1 No README data
45 info package.json ionic-gulp-fonts-copy@1.0.0 No repository field.
46 info package.json ionic-gulp-fonts-copy@1.0.0 No license field.
47 info package.json leaflet@0.7.7 No license field.
48 info package.json highcharts@4.2.6 license should be a valid SPDX license expression
49 info package.json @angular/common@2.0.0-rc.4 No description
50 info package.json @angular/compiler@2.0.0-rc.4 No description
51 info package.json @angular/core@2.0.0-rc.4 No description
52 info package.json @angular/forms@0.2.0 No description
53 info package.json @angular/http@2.0.0-rc.4 No description
54 info package.json @angular/platform-browser@2.0.0-rc.4 No description
55 info package.json @angular/platform-browser-dynamic@2.0.0-rc.4 No description
56 info package.json angular2-meteor-auto-bootstrap@0.5.6 No repository field.
57 verbose readDependencies loading dependencies from C:\Users\cherrieo\Documents\WorkspacePerso\Ionic2\PoPaRe\package.json
58 silly cache add args [ 'GeoJSON', null ]
59 verbose cache add spec GeoJSON
60 silly cache add parsed spec Result {
60 silly cache add   raw: 'GeoJSON',
60 silly cache add   scope: null,
60 silly cache add   name: 'GeoJSON',
60 silly cache add   rawSpec: '',
60 silly cache add   spec: 'latest',
60 silly cache add   type: 'tag' }
61 silly addNamed GeoJSON@latest
62 verbose addNamed "latest" is being treated as a dist-tag for GeoJSON
63 info addNameTag [ 'GeoJSON', 'latest' ]
64 silly mapToRegistry name GeoJSON
65 silly mapToRegistry using default registry
66 silly mapToRegistry registry https://registry.npmjs.org/
67 silly mapToRegistry data Result {
67 silly mapToRegistry   raw: 'GeoJSON',
67 silly mapToRegistry   scope: null,
67 silly mapToRegistry   name: 'GeoJSON',
67 silly mapToRegistry   rawSpec: '',
67 silly mapToRegistry   spec: 'latest',
67 silly mapToRegistry   type: 'tag' }
68 silly mapToRegistry uri https://registry.npmjs.org/GeoJSON
69 verbose addNameTag registry:https://registry.npmjs.org/GeoJSON not in flight; fetching
70 verbose request uri https://registry.npmjs.org/GeoJSON
71 verbose request no auth needed
72 info attempt registry request try #1 at 15:29:32
73 verbose request id 3bf2872bd43ed343
74 http request GET https://registry.npmjs.org/GeoJSON
75 http 404 https://registry.npmjs.org/GeoJSON
76 verbose headers { 'content-type': 'application/json',
76 verbose headers   'cache-control': 'max-age=0',
76 verbose headers   'content-length': '2',
76 verbose headers   'accept-ranges': 'bytes',
76 verbose headers   date: 'Fri, 02 Sep 2016 13:29:33 GMT',
76 verbose headers   via: '1.1 varnish',
76 verbose headers   age: '0',
76 verbose headers   connection: 'keep-alive',
76 verbose headers   'x-served-by': 'cache-fra1235-FRA',
76 verbose headers   'x-cache': 'MISS',
76 verbose headers   'x-cache-hits': '0',
76 verbose headers   'x-timer': 'S1472822972.379154,VS0,VE868',
76 verbose headers   vary: 'Accept-Encoding' }
77 silly get cb [ 404,
77 silly get   { 'content-type': 'application/json',
77 silly get     'cache-control': 'max-age=0',
77 silly get     'content-length': '2',
77 silly get     'accept-ranges': 'bytes',
77 silly get     date: 'Fri, 02 Sep 2016 13:29:33 GMT',
77 silly get     via: '1.1 varnish',
77 silly get     age: '0',
77 silly get     connection: 'keep-alive',
77 silly get     'x-served-by': 'cache-fra1235-FRA',
77 silly get     'x-cache': 'MISS',
77 silly get     'x-cache-hits': '0',
77 silly get     'x-timer': 'S1472822972.379154,VS0,VE868',
77 silly get     vary: 'Accept-Encoding' } ]
78 verbose stack Error: Registry returned 404 for GET on https://registry.npmjs.org/GeoJSON
78 verbose stack     at makeError (C:\Program Files\nodejs\node_modules\npm\node_modules\npm-registry-client\lib\request.js:264:12)
78 verbose stack     at CachingRegistryClient.<anonymous> (C:\Program Files\nodejs\node_modules\npm\node_modules\npm-registry-client\lib\request.js:242:14)
78 verbose stack     at Request._callback (C:\Program Files\nodejs\node_modules\npm\node_modules\npm-registry-client\lib\request.js:172:14)
78 verbose stack     at Request.self.callback (C:\Program Files\nodejs\node_modules\npm\node_modules\request\request.js:200:22)
78 verbose stack     at emitTwo (events.js:87:13)
78 verbose stack     at Request.emit (events.js:172:7)
78 verbose stack     at Request.<anonymous> (C:\Program Files\nodejs\node_modules\npm\node_modules\request\request.js:1067:10)
78 verbose stack     at emitOne (events.js:82:20)
78 verbose stack     at Request.emit (events.js:169:7)
78 verbose stack     at IncomingMessage.<anonymous> (C:\Program Files\nodejs\node_modules\npm\node_modules\request\request.js:988:12)
79 verbose statusCode 404
80 verbose pkgid GeoJSON
81 verbose cwd C:\Users\cherrieo\Documents\WorkspacePerso\Ionic2\PoPaRe
82 error Windows_NT 6.1.7601
83 error argv "C:\\Program Files\\nodejs\\node.exe" "C:\\Program Files\\nodejs\\node_modules\\npm\\bin\\npm-cli.js" "install" "GeoJSON"
84 error node v4.4.7
85 error npm  v2.15.8
86 error code E404
87 error 404 Registry returned 404 for GET on https://registry.npmjs.org/GeoJSON
87 error 404
87 error 404 'GeoJSON' is not in the npm registry.
87 error 404 Your package name is not valid, because
87 error 404
87 error 404  1. name can no longer contain capital letters
87 error 404 It was specified as a dependency of 'popare'
87 error 404
87 error 404 Note that you can also install from a
87 error 404 tarball, folder, http url, or git url.
88 verbose exit [ 1, true ]
